<?xml version="1.0" encoding="UTF-8"?>
<TestRun id="99a22d40-7b7d-4848-8fb9-efecff7d4260" name="Administrator@RUI-PC 2012-03-26 16:02:06" runUser="RUI-PC\Administrator" xmlns="http://microsoft.com/schemas/VisualStudio/TeamTest/2010">
  <TestSettings name="Local" id="9ff45c47-2aa0-4bca-9a75-f21b64c2f28c">
    <Description>These are default test settings for a local test run.</Description>
    <Deployment runDeploymentRoot="Administrator_RUI-PC 2012-03-26 16_02_06">
      <DeploymentItem filename="D:\Herui_hx\PROJECT\TradeShark\TradeShark\FinancialEngineering.Common\bin\Debug\FinancialEngineering.Common.dll" />
      <DeploymentItem filename="D:\Herui_hx\PROJECT\TradeShark\TradeShark\FinancialEngineering.IndexCalulation\bin\Debug\FinancialEngineering.IndexCalculation.dll" />
      <DeploymentItem filename="D:\Herui_hx\PROJECT\TradeShark\TradeShark\FinancialEngineering.Strategies\bin\Debug\FinancialEngineering.Strategy.dll" />
      <DeploymentItem filename="D:\Herui_hx\PROJECT\TradeShark\TradeShark\FinancialEngineering.Data.External\bin\Debug\FinancialEngineering.Service.dll" />
      <DeploymentItem filename="D:\Herui_hx\PROJECT\TradeShark\TradeShark\FinancialEngineering.Data.DataBase\bin\Debug\FinancialEngineering.Data.Database.dll" />
      <DeploymentItem filename="D:\Herui_hx\PROJECT\TradeShark\TradeShark\FinancialEngineering.BackTesting.Storage\bin\Debug\FinancialEngineering.BackTesting.Storage.dll" />
      <DeploymentItem filename="D:\Herui_hx\PROJECT\TradeShark\TradeShark\System.Web.DataSets\bin\Debug\System.Web.DataSets.dll" />
      <DeploymentItem filename="FinancialEngineering.Data.DataBase\" />
      <DeploymentItem filename="D:\Herui_hx\PROJECT\TradeShark\TradeShark\packages\EntityFramework.4.3.1\lib\net40\EntityFramework.dll" />
      <DeploymentItem filename="D:\Herui_hx\PROJECT\TradeShark\TradeShark\FinancialEngineering.Data.ServiceContract\bin\Debug\FinancialEngineering.Data.ServiceContract.dll" />
      <DeploymentItem filename="D:\Herui_hx\PROJECT\TradeShark\TradeShark\FinancialEngineering.Model\bin\Debug\FinancialEngineering.Model.dll" />
      <DeploymentItem filename="D:\Herui_hx\PROJECT\TradeShark\TradeShark\FinancialEngineering.BackTesting.Model\bin\Debug\FinancialEngineering.BackTesting.Model.dll" />
    </Deployment>
    <Execution>
      <TestTypeSpecific>
        <UnitTestRunConfig testTypeId="13cdc9d9-ddb5-4fa4-a97d-d965ccfc6d4b">
          <AssemblyResolution>
            <TestDirectory useLoadContext="true" />
          </AssemblyResolution>
        </UnitTestRunConfig>
        <WebTestRunConfiguration testTypeId="4e7599fa-5ecb-43e9-a887-cd63cf72d207">
          <Browser name="Internet Explorer 7.0">
            <Headers>
              <Header name="User-Agent" value="Mozilla/4.0 (compatible; MSIE 7.0; Windows NT 5.1)" />
              <Header name="Accept" value="*/*" />
              <Header name="Accept-Language" value="{{$IEAcceptLanguage}}" />
              <Header name="Accept-Encoding" value="GZIP" />
            </Headers>
          </Browser>
        </WebTestRunConfiguration>
      </TestTypeSpecific>
      <AgentRule name="LocalMachineDefaultRole">
        <DataCollectors>
          <DataCollector uri="datacollector://microsoft/CodeCoverage/1.0" assemblyQualifiedName="Microsoft.VisualStudio.TestTools.CodeCoverage.CoveragePlugIn, Microsoft.VisualStudio.QualityTools.Plugins.CodeCoverage, Version=10.0.0.0, Culture=neutral, PublicKeyToken=b03f5f7f11d50a3a" friendlyName="Code Coverage">
            <Configuration>
              <CodeCoverage xmlns="">
                <Regular>
                  <CodeCoverageItem binaryFile="D:\Herui_hx\PROJECT\TradeShark\TradeShark\FinancialEngineering.Data.DataBase\bin\Debug\FinancialEngineering.Data.Database.dll" pdbFile="D:\Herui_hx\PROJECT\TradeShark\TradeShark\FinancialEngineering.Data.DataBase\bin\Debug\FinancialEngineering.Data.Database.instr.pdb" instrumentInPlace="true" />
                </Regular>
              </CodeCoverage>
            </Configuration>
          </DataCollector>
        </DataCollectors>
      </AgentRule>
    </Execution>
  </TestSettings>
  <Times creation="2012-03-26T16:02:06.5125509+08:00" queuing="2012-03-26T16:02:14.0950137+08:00" start="2012-03-26T16:02:14.4255557+08:00" finish="2012-03-26T16:03:18.6377096+08:00" />
  <ResultSummary outcome="Failed">
    <Counters total="18" executed="18" passed="10" error="0" failed="6" timeout="0" aborted="0" inconclusive="2" passedButRunAborted="0" notRunnable="0" notExecuted="0" disconnected="0" warning="0" completed="0" inProgress="0" pending="0" />
    <RunInfos>
      <RunInfo computerName="RUI-PC" outcome="Warning" timestamp="2012-03-26T16:02:14.0915133+08:00">
        <Text>Warning: conflict during test run deployment: deployment item 'd:\herui_hx\project\tradeshark\tradeshark\system.web.datasets.test\bin\debug\EntityFramework.dll' directly or indirectly referenced by the test container 'd:\herui_hx\project\tradeshark\tradeshark\system.web.datasets.test\bin\debug\system.web.datasets.test.dll' cannot be deployed to 'EntityFramework.dll' because otherwise the file 'd:\herui_hx\project\tradeshark\tradeshark\system.web.datasets.test\bin\debug\EntityFramework.dll' would overwrite deployment item 'D:\Herui_hx\PROJECT\TradeShark\TradeShark\packages\EntityFramework.4.3.1\lib\net40\EntityFramework.dll' directly or indirectly referenced by D:\Herui_hx\PROJECT\TradeShark\TradeShark\FinancialEngineering.BackTesting.Storage.Test\bin\Debug\FinancialEngineering.BackTesting.Storage.Test.dll.</Text>
      </RunInfo>
      <RunInfo computerName="RUI-PC" outcome="Warning" timestamp="2012-03-26T16:02:14.0930135+08:00">
        <Text>Warning: conflict during test run deployment: deployment item 'd:\herui_hx\project\tradeshark\tradeshark\financialengineering.data.database.test\bin\debug\EntityFramework.dll' directly or indirectly referenced by the test container 'd:\herui_hx\project\tradeshark\tradeshark\financialengineering.data.database.test\bin\debug\financialengineering.data.database.test.dll' cannot be deployed to 'EntityFramework.dll' because otherwise the file 'd:\herui_hx\project\tradeshark\tradeshark\financialengineering.data.database.test\bin\debug\EntityFramework.dll' would overwrite deployment item 'D:\Herui_hx\PROJECT\TradeShark\TradeShark\packages\EntityFramework.4.3.1\lib\net40\EntityFramework.dll' directly or indirectly referenced by D:\Herui_hx\PROJECT\TradeShark\TradeShark\FinancialEngineering.BackTesting.Storage.Test\bin\Debug\FinancialEngineering.BackTesting.Storage.Test.dll.</Text>
      </RunInfo>
    </RunInfos>
    <ResultFiles>
      <ResultFile path="RUI-PC\data.coverage" />
    </ResultFiles>
  </ResultSummary>
  <TestDefinitions>
    <UnitTest name="UPTest" storage="d:\herui_hx\project\tradeshark\tradeshark\financialengineering.indexcalculation.ma\bin\debug\financialengineering.indexcalculation.test.dll" id="7ff45125-82c1-fb4b-ef35-712a15d96d8e">
      <Execution id="9fea50b0-3a3d-4348-bc61-ec4731c83e38" />
      <TestMethod codeBase="D:/Herui_hx/PROJECT/TradeShark/TradeShark/FinancialEngineering.IndexCalculation.MA/bin/Debug/FinancialEngineering.IndexCalculation.Test.DLL" adapterTypeName="Microsoft.VisualStudio.TestTools.TestTypes.Unit.UnitTestAdapter, Microsoft.VisualStudio.QualityTools.Tips.UnitTest.Adapter, Version=10.0.0.0, Culture=neutral, PublicKeyToken=b03f5f7f11d50a3a" className="FinancialEngineering.IndexCalculation.Test.BOLLTest, FinancialEngineering.IndexCalculation.Test, Version=1.0.0.0, Culture=neutral, PublicKeyToken=null" name="UPTest" />
    </UnitTest>
    <UnitTest name="ClearSamplesTest" storage="d:\herui_hx\project\tradeshark\tradeshark\financialengineering.indexcalculation.ma\bin\debug\financialengineering.indexcalculation.test.dll" id="ad9a0326-6250-f6c7-764d-56154ed97c71">
      <Execution id="f580756a-32f9-467d-bd92-768fca98d526" />
      <TestMethod codeBase="D:/Herui_hx/PROJECT/TradeShark/TradeShark/FinancialEngineering.IndexCalculation.MA/bin/Debug/FinancialEngineering.IndexCalculation.Test.DLL" adapterTypeName="Microsoft.VisualStudio.TestTools.TestTypes.Unit.UnitTestAdapter, Microsoft.VisualStudio.QualityTools.Tips.UnitTest.Adapter, Version=10.0.0.0, Culture=neutral, PublicKeyToken=b03f5f7f11d50a3a" className="FinancialEngineering.IndexCalculation.Test.MATest, FinancialEngineering.IndexCalculation.Test, Version=1.0.0.0, Culture=neutral, PublicKeyToken=null" name="ClearSamplesTest" />
    </UnitTest>
    <UnitTest name="GetCandidateStocksForOpenTest" storage="d:\herui_hx\project\tradeshark\tradeshark\financialengineering.strategy.test\bin\debug\financialengineering.strategy.test.dll" id="f8ad11f0-7a9f-38e1-3e32-1f76346f884a">
      <Execution id="f11ce8d9-d0ea-4947-81a0-b982656dda52" />
      <TestMethod codeBase="D:/Herui_hx/PROJECT/TradeShark/TradeShark/FinancialEngineering.Strategy.Test/bin/Debug/FinancialEngineering.Strategy.Test.DLL" adapterTypeName="Microsoft.VisualStudio.TestTools.TestTypes.Unit.UnitTestAdapter, Microsoft.VisualStudio.QualityTools.Tips.UnitTest.Adapter, Version=10.0.0.0, Culture=neutral, PublicKeyToken=b03f5f7f11d50a3a" className="FinancialEngineering.Strategy.Test.IBTMTest, FinancialEngineering.Strategy.Test, Version=1.0.0.0, Culture=neutral, PublicKeyToken=null" name="GetCandidateStocksForOpenTest" />
    </UnitTest>
    <UnitTest name="MyPortfoliosTest" storage="d:\herui_hx\project\tradeshark\tradeshark\financialengineering.backtesting.storage.test\bin\debug\financialengineering.backtesting.storage.test.dll" id="debd3cf6-d6bd-7928-54d3-42e9eba67e7b">
      <Execution id="297c2630-4fcb-43a6-88d4-81dc7a9ed015" />
      <TestMethod codeBase="D:/Herui_hx/PROJECT/TradeShark/TradeShark/FinancialEngineering.BackTesting.Storage.Test/bin/Debug/FinancialEngineering.BackTesting.Storage.Test.DLL" adapterTypeName="Microsoft.VisualStudio.TestTools.TestTypes.Unit.UnitTestAdapter, Microsoft.VisualStudio.QualityTools.Tips.UnitTest.Adapter, Version=10.0.0.0, Culture=neutral, PublicKeyToken=b03f5f7f11d50a3a" className="FinancialEngineering.BackTesting.Storage.Test.TradeSharkContextTest, FinancialEngineering.BackTesting.Storage.Test, Version=1.0.0.0, Culture=neutral, PublicKeyToken=null" name="MyPortfoliosTest" />
    </UnitTest>
    <UnitTest name="CalcReturnTest" storage="d:\herui_hx\project\tradeshark\tradeshark\system.web.datasets.test\bin\debug\system.web.datasets.test.dll" id="4ec16e1e-aa7c-dac5-acfc-222e40b5c9a5">
      <Execution id="200928da-38b5-46a7-8d4e-4645c5e2bcd2" />
      <TestMethod codeBase="D:/Herui_hx/PROJECT/TradeShark/TradeShark/System.Web.DataSets.Test/bin/Debug/System.Web.DataSets.Test.DLL" adapterTypeName="Microsoft.VisualStudio.TestTools.TestTypes.Unit.UnitTestAdapter, Microsoft.VisualStudio.QualityTools.Tips.UnitTest.Adapter, Version=10.0.0.0, Culture=neutral, PublicKeyToken=b03f5f7f11d50a3a" className="System.Web.DataSets.Test.DBStockQuoteDataTest, System.Web.DataSets.Test, Version=1.0.0.0, Culture=neutral, PublicKeyToken=null" name="CalcReturnTest" />
    </UnitTest>
    <UnitTest name="CountTest" storage="d:\herui_hx\project\tradeshark\tradeshark\financialengineering.indexcalculation.ma\bin\debug\financialengineering.indexcalculation.test.dll" id="0cee9eb6-5056-d8c5-6803-719330142358">
      <Execution id="23d1db0f-3997-4be9-85cf-b295184fdad2" />
      <TestMethod codeBase="D:/Herui_hx/PROJECT/TradeShark/TradeShark/FinancialEngineering.IndexCalculation.MA/bin/Debug/FinancialEngineering.IndexCalculation.Test.DLL" adapterTypeName="Microsoft.VisualStudio.TestTools.TestTypes.Unit.UnitTestAdapter, Microsoft.VisualStudio.QualityTools.Tips.UnitTest.Adapter, Version=10.0.0.0, Culture=neutral, PublicKeyToken=b03f5f7f11d50a3a" className="FinancialEngineering.IndexCalculation.Test.MATest, FinancialEngineering.IndexCalculation.Test, Version=1.0.0.0, Culture=neutral, PublicKeyToken=null" name="CountTest" />
    </UnitTest>
    <UnitTest name="ValueTest" storage="d:\herui_hx\project\tradeshark\tradeshark\financialengineering.indexcalculation.ma\bin\debug\financialengineering.indexcalculation.test.dll" id="1f020578-d3a6-5dbb-3d09-80bfe74f035d">
      <Execution id="076a1e15-6116-41d6-893d-a44fa73ff410" />
      <TestMethod codeBase="D:/Herui_hx/PROJECT/TradeShark/TradeShark/FinancialEngineering.IndexCalculation.MA/bin/Debug/FinancialEngineering.IndexCalculation.Test.DLL" adapterTypeName="Microsoft.VisualStudio.TestTools.TestTypes.Unit.UnitTestAdapter, Microsoft.VisualStudio.QualityTools.Tips.UnitTest.Adapter, Version=10.0.0.0, Culture=neutral, PublicKeyToken=b03f5f7f11d50a3a" className="FinancialEngineering.IndexCalculation.Test.SDTest, FinancialEngineering.IndexCalculation.Test, Version=1.0.0.0, Culture=neutral, PublicKeyToken=null" name="ValueTest" />
    </UnitTest>
    <UnitTest name="Verify_Error_Throw_When_Init_Count_Not_Equal_Sample_Count" storage="d:\herui_hx\project\tradeshark\tradeshark\financialengineering.indexcalculation.ma\bin\debug\financialengineering.indexcalculation.test.dll" id="de2289a4-f03f-eb2c-614e-28d5296cfc59">
      <Execution id="72dc7688-78b0-403b-b167-d926fffd804e" />
      <TestMethod codeBase="D:/Herui_hx/PROJECT/TradeShark/TradeShark/FinancialEngineering.IndexCalculation.MA/bin/Debug/FinancialEngineering.IndexCalculation.Test.DLL" adapterTypeName="Microsoft.VisualStudio.TestTools.TestTypes.Unit.UnitTestAdapter, Microsoft.VisualStudio.QualityTools.Tips.UnitTest.Adapter, Version=10.0.0.0, Culture=neutral, PublicKeyToken=b03f5f7f11d50a3a" className="FinancialEngineering.IndexCalculation.Test.MATest, FinancialEngineering.IndexCalculation.Test, Version=1.0.0.0, Culture=neutral, PublicKeyToken=null" name="Verify_Error_Throw_When_Init_Count_Not_Equal_Sample_Count" />
    </UnitTest>
    <UnitTest name="GetStockPriceTest" storage="d:\herui_hx\project\tradeshark\tradeshark\financialengineering.data.external.test\bin\debug\financialengineering.data.external.test.dll" id="b9732ad7-3d4b-88c2-1646-3162b1da1c0d">
      <Execution id="38f2a76f-c269-4c71-b385-2f2ad8156383" />
      <TestMethod codeBase="D:/Herui_hx/PROJECT/TradeShark/TradeShark/FinancialEngineering.Data.External.Test/bin/Debug/FinancialEngineering.Data.External.Test.DLL" adapterTypeName="Microsoft.VisualStudio.TestTools.TestTypes.Unit.UnitTestAdapter, Microsoft.VisualStudio.QualityTools.Tips.UnitTest.Adapter, Version=10.0.0.0, Culture=neutral, PublicKeyToken=b03f5f7f11d50a3a" className="FinancialEngineering.Data.External.Test.WebStockQuoteDataTest, FinancialEngineering.Data.External.Test, Version=1.0.0.0, Culture=neutral, PublicKeyToken=null" name="GetStockPriceTest" />
    </UnitTest>
    <UnitTest name="GetStockReturnTest" storage="d:\herui_hx\project\tradeshark\tradeshark\financialengineering.data.external.test\bin\debug\financialengineering.data.external.test.dll" id="e35b571d-987e-4550-8ce5-328acfdd0f66">
      <Execution id="a280dd6e-afc3-4185-ad63-7a3db503b731" />
      <TestMethod codeBase="D:/Herui_hx/PROJECT/TradeShark/TradeShark/FinancialEngineering.Data.External.Test/bin/Debug/FinancialEngineering.Data.External.Test.DLL" adapterTypeName="Microsoft.VisualStudio.TestTools.TestTypes.Unit.UnitTestAdapter, Microsoft.VisualStudio.QualityTools.Tips.UnitTest.Adapter, Version=10.0.0.0, Culture=neutral, PublicKeyToken=b03f5f7f11d50a3a" className="FinancialEngineering.Data.External.Test.WebStockReturnTest, FinancialEngineering.Data.External.Test, Version=1.0.0.0, Culture=neutral, PublicKeyToken=null" name="GetStockReturnTest" />
    </UnitTest>
    <UnitTest name="Test_When_Start_Date_Not_Trading_Day" storage="d:\herui_hx\project\tradeshark\tradeshark\financialengineering.data.database.test\bin\debug\financialengineering.data.database.test.dll" id="ceca6475-39f5-7c80-7c7e-226b02715115">
      <Execution id="7f68a10e-87e5-440b-952c-ed6b7ddf51f6" />
      <TestMethod codeBase="D:/Herui_hx/PROJECT/TradeShark/TradeShark/FinancialEngineering.Data.Database.Test/bin/Debug/FinancialEngineering.Data.Database.Test.DLL" adapterTypeName="Microsoft.VisualStudio.TestTools.TestTypes.Unit.UnitTestAdapter, Microsoft.VisualStudio.QualityTools.Tips.UnitTest.Adapter, Version=10.0.0.0, Culture=neutral, PublicKeyToken=b03f5f7f11d50a3a" className="FinancialEngineering.Data.Database.Test.DBStockQuoteDataTest, FinancialEngineering.Data.Database.Test, Version=1.0.0.0, Culture=neutral, PublicKeyToken=null" name="Test_When_Start_Date_Not_Trading_Day" />
    </UnitTest>
    <UnitTest name="MBTest" storage="d:\herui_hx\project\tradeshark\tradeshark\financialengineering.indexcalculation.ma\bin\debug\financialengineering.indexcalculation.test.dll" id="5eeb0173-a0bf-1c42-2e10-a1736f184e0d">
      <Execution id="286c3195-fae8-451f-b2a0-df6a268309e2" />
      <TestMethod codeBase="D:/Herui_hx/PROJECT/TradeShark/TradeShark/FinancialEngineering.IndexCalculation.MA/bin/Debug/FinancialEngineering.IndexCalculation.Test.DLL" adapterTypeName="Microsoft.VisualStudio.TestTools.TestTypes.Unit.UnitTestAdapter, Microsoft.VisualStudio.QualityTools.Tips.UnitTest.Adapter, Version=10.0.0.0, Culture=neutral, PublicKeyToken=b03f5f7f11d50a3a" className="FinancialEngineering.IndexCalculation.Test.BOLLTest, FinancialEngineering.IndexCalculation.Test, Version=1.0.0.0, Culture=neutral, PublicKeyToken=null" name="MBTest" />
    </UnitTest>
    <UnitTest name="Test_When_secuCode_Set" storage="d:\herui_hx\project\tradeshark\tradeshark\financialengineering.data.database.test\bin\debug\financialengineering.data.database.test.dll" id="eacb973c-d521-4707-b0a0-f94fcbb738af">
      <Execution id="675338e1-bb1a-4c07-bd70-b6ff9c2b7206" />
      <TestMethod codeBase="D:/Herui_hx/PROJECT/TradeShark/TradeShark/FinancialEngineering.Data.Database.Test/bin/Debug/FinancialEngineering.Data.Database.Test.DLL" adapterTypeName="Microsoft.VisualStudio.TestTools.TestTypes.Unit.UnitTestAdapter, Microsoft.VisualStudio.QualityTools.Tips.UnitTest.Adapter, Version=10.0.0.0, Culture=neutral, PublicKeyToken=b03f5f7f11d50a3a" className="FinancialEngineering.Data.Database.Test.DBStockQuoteDataTest, FinancialEngineering.Data.Database.Test, Version=1.0.0.0, Culture=neutral, PublicKeyToken=null" name="Test_When_secuCode_Set" />
    </UnitTest>
    <UnitTest name="GetStockPriceTest" storage="d:\herui_hx\project\tradeshark\tradeshark\system.web.datasets.test\bin\debug\system.web.datasets.test.dll" id="6cbbb79f-b6f1-55c3-8efc-cd08ac50df9a">
      <Execution id="e086d328-b148-4949-9583-e6de440d78ef" />
      <TestMethod codeBase="D:/Herui_hx/PROJECT/TradeShark/TradeShark/System.Web.DataSets.Test/bin/Debug/System.Web.DataSets.Test.DLL" adapterTypeName="Microsoft.VisualStudio.TestTools.TestTypes.Unit.UnitTestAdapter, Microsoft.VisualStudio.QualityTools.Tips.UnitTest.Adapter, Version=10.0.0.0, Culture=neutral, PublicKeyToken=b03f5f7f11d50a3a" className="System.Web.DataSets.Test.DBStockQuoteDataTest, System.Web.DataSets.Test, Version=1.0.0.0, Culture=neutral, PublicKeyToken=null" name="GetStockPriceTest" />
    </UnitTest>
    <UnitTest name="Compare_With_Trade_softWare" storage="d:\herui_hx\project\tradeshark\tradeshark\financialengineering.indexcalculation.ma\bin\debug\financialengineering.indexcalculation.test.dll" id="0e3dd355-9b4b-3aeb-aea4-7f5403804246">
      <Execution id="8c6ab7ff-7ac6-4f4b-8b8b-beaf03dcef57" />
      <TestMethod codeBase="D:/Herui_hx/PROJECT/TradeShark/TradeShark/FinancialEngineering.IndexCalculation.MA/bin/Debug/FinancialEngineering.IndexCalculation.Test.DLL" adapterTypeName="Microsoft.VisualStudio.TestTools.TestTypes.Unit.UnitTestAdapter, Microsoft.VisualStudio.QualityTools.Tips.UnitTest.Adapter, Version=10.0.0.0, Culture=neutral, PublicKeyToken=b03f5f7f11d50a3a" className="FinancialEngineering.IndexCalculation.Test.MATest, FinancialEngineering.IndexCalculation.Test, Version=1.0.0.0, Culture=neutral, PublicKeyToken=null" name="Compare_With_Trade_softWare" />
    </UnitTest>
    <UnitTest name="DNTest" storage="d:\herui_hx\project\tradeshark\tradeshark\financialengineering.indexcalculation.ma\bin\debug\financialengineering.indexcalculation.test.dll" id="36a2874e-e84c-bbdd-e208-372449391247">
      <Execution id="ee72d42e-8365-41a3-bfca-a1cb8d0c1134" />
      <TestMethod codeBase="D:/Herui_hx/PROJECT/TradeShark/TradeShark/FinancialEngineering.IndexCalculation.MA/bin/Debug/FinancialEngineering.IndexCalculation.Test.DLL" adapterTypeName="Microsoft.VisualStudio.TestTools.TestTypes.Unit.UnitTestAdapter, Microsoft.VisualStudio.QualityTools.Tips.UnitTest.Adapter, Version=10.0.0.0, Culture=neutral, PublicKeyToken=b03f5f7f11d50a3a" className="FinancialEngineering.IndexCalculation.Test.BOLLTest, FinancialEngineering.IndexCalculation.Test, Version=1.0.0.0, Culture=neutral, PublicKeyToken=null" name="DNTest" />
    </UnitTest>
    <UnitTest name="Verify_AddSample_Add_New_One" storage="d:\herui_hx\project\tradeshark\tradeshark\financialengineering.indexcalculation.ma\bin\debug\financialengineering.indexcalculation.test.dll" id="a5b1f2c8-6c9b-452f-0917-d93aa8839b0f">
      <Execution id="d83d3cdf-2d2e-42b6-a435-4b7ac2bceb6b" />
      <TestMethod codeBase="D:/Herui_hx/PROJECT/TradeShark/TradeShark/FinancialEngineering.IndexCalculation.MA/bin/Debug/FinancialEngineering.IndexCalculation.Test.DLL" adapterTypeName="Microsoft.VisualStudio.TestTools.TestTypes.Unit.UnitTestAdapter, Microsoft.VisualStudio.QualityTools.Tips.UnitTest.Adapter, Version=10.0.0.0, Culture=neutral, PublicKeyToken=b03f5f7f11d50a3a" className="FinancialEngineering.IndexCalculation.Test.MATest, FinancialEngineering.IndexCalculation.Test, Version=1.0.0.0, Culture=neutral, PublicKeyToken=null" name="Verify_AddSample_Add_New_One" />
    </UnitTest>
    <UnitTest name="Test_All_Result_Fetch_When_secuCode_Set_Null" storage="d:\herui_hx\project\tradeshark\tradeshark\financialengineering.data.database.test\bin\debug\financialengineering.data.database.test.dll" id="c46b42d4-0cf8-3d1a-78c6-f3571f159ed6">
      <Execution id="1bd9075e-7a6b-4b39-a497-1e9b4fbc6a4e" />
      <TestMethod codeBase="D:/Herui_hx/PROJECT/TradeShark/TradeShark/FinancialEngineering.Data.Database.Test/bin/Debug/FinancialEngineering.Data.Database.Test.DLL" adapterTypeName="Microsoft.VisualStudio.TestTools.TestTypes.Unit.UnitTestAdapter, Microsoft.VisualStudio.QualityTools.Tips.UnitTest.Adapter, Version=10.0.0.0, Culture=neutral, PublicKeyToken=b03f5f7f11d50a3a" className="FinancialEngineering.Data.Database.Test.DBStockQuoteDataTest, FinancialEngineering.Data.Database.Test, Version=1.0.0.0, Culture=neutral, PublicKeyToken=null" name="Test_All_Result_Fetch_When_secuCode_Set_Null" />
    </UnitTest>
  </TestDefinitions>
  <TestLists>
    <TestList name="Results Not in a List" id="8c84fa94-04c1-424b-9868-57a2d4851a1d" />
    <TestList name="All Loaded Results" id="19431567-8539-422a-85d7-44ee4e166bda" />
  </TestLists>
  <TestEntries>
    <TestEntry testId="c46b42d4-0cf8-3d1a-78c6-f3571f159ed6" executionId="1bd9075e-7a6b-4b39-a497-1e9b4fbc6a4e" testListId="8c84fa94-04c1-424b-9868-57a2d4851a1d" />
    <TestEntry testId="eacb973c-d521-4707-b0a0-f94fcbb738af" executionId="675338e1-bb1a-4c07-bd70-b6ff9c2b7206" testListId="8c84fa94-04c1-424b-9868-57a2d4851a1d" />
    <TestEntry testId="ceca6475-39f5-7c80-7c7e-226b02715115" executionId="7f68a10e-87e5-440b-952c-ed6b7ddf51f6" testListId="8c84fa94-04c1-424b-9868-57a2d4851a1d" />
    <TestEntry testId="6cbbb79f-b6f1-55c3-8efc-cd08ac50df9a" executionId="e086d328-b148-4949-9583-e6de440d78ef" testListId="8c84fa94-04c1-424b-9868-57a2d4851a1d" />
    <TestEntry testId="4ec16e1e-aa7c-dac5-acfc-222e40b5c9a5" executionId="200928da-38b5-46a7-8d4e-4645c5e2bcd2" testListId="8c84fa94-04c1-424b-9868-57a2d4851a1d" />
    <TestEntry testId="e35b571d-987e-4550-8ce5-328acfdd0f66" executionId="a280dd6e-afc3-4185-ad63-7a3db503b731" testListId="8c84fa94-04c1-424b-9868-57a2d4851a1d" />
    <TestEntry testId="b9732ad7-3d4b-88c2-1646-3162b1da1c0d" executionId="38f2a76f-c269-4c71-b385-2f2ad8156383" testListId="8c84fa94-04c1-424b-9868-57a2d4851a1d" />
    <TestEntry testId="debd3cf6-d6bd-7928-54d3-42e9eba67e7b" executionId="297c2630-4fcb-43a6-88d4-81dc7a9ed015" testListId="8c84fa94-04c1-424b-9868-57a2d4851a1d" />
    <TestEntry testId="f8ad11f0-7a9f-38e1-3e32-1f76346f884a" executionId="f11ce8d9-d0ea-4947-81a0-b982656dda52" testListId="8c84fa94-04c1-424b-9868-57a2d4851a1d" />
    <TestEntry testId="36a2874e-e84c-bbdd-e208-372449391247" executionId="ee72d42e-8365-41a3-bfca-a1cb8d0c1134" testListId="8c84fa94-04c1-424b-9868-57a2d4851a1d" />
    <TestEntry testId="5eeb0173-a0bf-1c42-2e10-a1736f184e0d" executionId="286c3195-fae8-451f-b2a0-df6a268309e2" testListId="8c84fa94-04c1-424b-9868-57a2d4851a1d" />
    <TestEntry testId="7ff45125-82c1-fb4b-ef35-712a15d96d8e" executionId="9fea50b0-3a3d-4348-bc61-ec4731c83e38" testListId="8c84fa94-04c1-424b-9868-57a2d4851a1d" />
    <TestEntry testId="1f020578-d3a6-5dbb-3d09-80bfe74f035d" executionId="076a1e15-6116-41d6-893d-a44fa73ff410" testListId="8c84fa94-04c1-424b-9868-57a2d4851a1d" />
    <TestEntry testId="0e3dd355-9b4b-3aeb-aea4-7f5403804246" executionId="8c6ab7ff-7ac6-4f4b-8b8b-beaf03dcef57" testListId="8c84fa94-04c1-424b-9868-57a2d4851a1d" />
    <TestEntry testId="a5b1f2c8-6c9b-452f-0917-d93aa8839b0f" executionId="d83d3cdf-2d2e-42b6-a435-4b7ac2bceb6b" testListId="8c84fa94-04c1-424b-9868-57a2d4851a1d" />
    <TestEntry testId="de2289a4-f03f-eb2c-614e-28d5296cfc59" executionId="72dc7688-78b0-403b-b167-d926fffd804e" testListId="8c84fa94-04c1-424b-9868-57a2d4851a1d" />
    <TestEntry testId="ad9a0326-6250-f6c7-764d-56154ed97c71" executionId="f580756a-32f9-467d-bd92-768fca98d526" testListId="8c84fa94-04c1-424b-9868-57a2d4851a1d" />
    <TestEntry testId="0cee9eb6-5056-d8c5-6803-719330142358" executionId="23d1db0f-3997-4be9-85cf-b295184fdad2" testListId="8c84fa94-04c1-424b-9868-57a2d4851a1d" />
  </TestEntries>
  <Results>
    <UnitTestResult executionId="1bd9075e-7a6b-4b39-a497-1e9b4fbc6a4e" testId="c46b42d4-0cf8-3d1a-78c6-f3571f159ed6" testName="Test_All_Result_Fetch_When_secuCode_Set_Null" computerName="RUI-PC" duration="00:00:03.8777222" startTime="2012-03-26T16:02:18.0475156+08:00" endTime="2012-03-26T16:02:22.4135701+08:00" testType="13cdc9d9-ddb5-4fa4-a97d-d965ccfc6d4b" outcome="Passed" testListId="8c84fa94-04c1-424b-9868-57a2d4851a1d" relativeResultsDirectory="1bd9075e-7a6b-4b39-a497-1e9b4fbc6a4e">
    </UnitTestResult>
    <UnitTestResult executionId="675338e1-bb1a-4c07-bd70-b6ff9c2b7206" testId="eacb973c-d521-4707-b0a0-f94fcbb738af" testName="Test_When_secuCode_Set" computerName="RUI-PC" duration="00:00:00.3490045" startTime="2012-03-26T16:02:22.4195708+08:00" endTime="2012-03-26T16:02:22.7736158+08:00" testType="13cdc9d9-ddb5-4fa4-a97d-d965ccfc6d4b" outcome="Passed" testListId="8c84fa94-04c1-424b-9868-57a2d4851a1d" relativeResultsDirectory="675338e1-bb1a-4c07-bd70-b6ff9c2b7206">
    </UnitTestResult>
    <UnitTestResult executionId="7f68a10e-87e5-440b-952c-ed6b7ddf51f6" testId="ceca6475-39f5-7c80-7c7e-226b02715115" testName="Test_When_Start_Date_Not_Trading_Day" computerName="RUI-PC" duration="00:00:00.1013348" startTime="2012-03-26T16:02:22.7756160+08:00" endTime="2012-03-26T16:02:22.8811294+08:00" testType="13cdc9d9-ddb5-4fa4-a97d-d965ccfc6d4b" outcome="Passed" testListId="8c84fa94-04c1-424b-9868-57a2d4851a1d" relativeResultsDirectory="7f68a10e-87e5-440b-952c-ed6b7ddf51f6">
    </UnitTestResult>
    <UnitTestResult executionId="e086d328-b148-4949-9583-e6de440d78ef" testId="6cbbb79f-b6f1-55c3-8efc-cd08ac50df9a" testName="GetStockPriceTest" computerName="RUI-PC" duration="00:00:01.3505448" startTime="2012-03-26T16:02:22.8876303+08:00" endTime="2012-03-26T16:02:24.8358777+08:00" testType="13cdc9d9-ddb5-4fa4-a97d-d965ccfc6d4b" outcome="Failed" testListId="8c84fa94-04c1-424b-9868-57a2d4851a1d" relativeResultsDirectory="e086d328-b148-4949-9583-e6de440d78ef">
      <Output>
        <ErrorInfo>
          <Message>Test method System.Web.DataSets.Test.DBStockQuoteDataTest.GetStockPriceTest threw exception: 
System.Data.SqlClient.SqlException: Cannot open database "JYDBLocal" requested by the login. The login failed.
Login failed for user 'RUI-PC\Administrator'.</Message>
          <StackTrace>    在 System.Data.SqlClient.SqlInternalConnection.OnError(SqlException exception, Boolean breakConnection, Action`1 wrapCloseInAction)
   在 System.Data.SqlClient.TdsParser.ThrowExceptionAndWarning(TdsParserStateObject stateObj, Boolean callerHasConnectionLock, Boolean asyncClose)
   在 System.Data.SqlClient.TdsParser.TryRun(RunBehavior runBehavior, SqlCommand cmdHandler, SqlDataReader dataStream, BulkCopySimpleResultSet bulkCopyHandler, TdsParserStateObject stateObj, Boolean&amp; dataReady)
   在 System.Data.SqlClient.TdsParser.Run(RunBehavior runBehavior, SqlCommand cmdHandler, SqlDataReader dataStream, BulkCopySimpleResultSet bulkCopyHandler, TdsParserStateObject stateObj)
   在 System.Data.SqlClient.SqlInternalConnectionTds.CompleteLogin(Boolean enlistOK)
   在 System.Data.SqlClient.SqlInternalConnectionTds.AttemptOneLogin(ServerInfo serverInfo, String newPassword, SecureString newSecurePassword, Boolean ignoreSniOpenTimeout, TimeoutTimer timeout, SqlConnection owningObject, Boolean withFailover)
   在 System.Data.SqlClient.SqlInternalConnectionTds.LoginNoFailover(ServerInfo serverInfo, String newPassword, SecureString newSecurePassword, Boolean redirectedUserInstance, SqlConnection owningObject, SqlConnectionString connectionOptions, SqlCredential credential, TimeoutTimer timeout)
   在 System.Data.SqlClient.SqlInternalConnectionTds.OpenLoginEnlist(SqlConnection owningObject, TimeoutTimer timeout, SqlConnectionString connectionOptions, SqlCredential credential, String newPassword, SecureString newSecurePassword, Boolean redirectedUserInstance)
   在 System.Data.SqlClient.SqlInternalConnectionTds..ctor(DbConnectionPoolIdentity identity, SqlConnectionString connectionOptions, SqlCredential credential, Object providerInfo, String newPassword, SecureString newSecurePassword, SqlConnection owningObject, Boolean redirectedUserInstance)
   在 System.Data.SqlClient.SqlConnectionFactory.CreateConnection(DbConnectionOptions options, DbConnectionPoolKey poolKey, Object poolGroupProviderInfo, DbConnectionPool pool, DbConnection owningConnection)
   在 System.Data.ProviderBase.DbConnectionFactory.CreatePooledConnection(DbConnection owningConnection, DbConnectionPool pool, DbConnectionOptions options, DbConnectionPoolKey poolKey)
   在 System.Data.ProviderBase.DbConnectionPool.CreateObject(DbConnection owningObject)
   在 System.Data.ProviderBase.DbConnectionPool.UserCreateRequest(DbConnection owningObject)
   在 System.Data.ProviderBase.DbConnectionPool.TryGetConnection(DbConnection owningObject, UInt32 waitForMultipleObjectsTimeout, Boolean allowCreate, Boolean onlyOneCheckConnection, DbConnectionInternal&amp; connection)
   在 System.Data.ProviderBase.DbConnectionPool.TryGetConnection(DbConnection owningObject, TaskCompletionSource`1 retry, DbConnectionInternal&amp; connection)
   在 System.Data.ProviderBase.DbConnectionFactory.TryGetConnection(DbConnection owningConnection, TaskCompletionSource`1 retry, DbConnectionInternal&amp; connection)
   在 System.Data.ProviderBase.DbConnectionClosed.TryOpenConnection(DbConnection outerConnection, DbConnectionFactory connectionFactory, TaskCompletionSource`1 retry)
   在 System.Data.SqlClient.SqlConnection.TryOpen(TaskCompletionSource`1 retry)
   在 System.Data.SqlClient.SqlConnection.Open()
   在 System.Web.DataSets.DBStockQuoteData.GetStockPrice(String secuCode, Int32 numRecord, DateTime endDate) 位置 D:\Herui_hx\PROJECT\TradeShark\TradeShark\System.Web.DataSets\DBStockQuoteData.cs:行号 65
   在 System.Web.DataSets.Test.DBStockQuoteDataTest.GetStockPriceTest() 位置 D:\Herui_hx\PROJECT\TradeShark\TradeShark\System.Web.DataSets.Test\DBStockQuoteDataTest.cs:行号 82
</StackTrace>
        </ErrorInfo>
      </Output>
    </UnitTestResult>
    <UnitTestResult executionId="200928da-38b5-46a7-8d4e-4645c5e2bcd2" testId="4ec16e1e-aa7c-dac5-acfc-222e40b5c9a5" testName="CalcReturnTest" computerName="RUI-PC" duration="00:00:00.0002964" startTime="2012-03-26T16:02:24.8388780+08:00" endTime="2012-03-26T16:02:24.8443787+08:00" testType="13cdc9d9-ddb5-4fa4-a97d-d965ccfc6d4b" outcome="Passed" testListId="8c84fa94-04c1-424b-9868-57a2d4851a1d" relativeResultsDirectory="200928da-38b5-46a7-8d4e-4645c5e2bcd2">
    </UnitTestResult>
    <UnitTestResult executionId="a280dd6e-afc3-4185-ad63-7a3db503b731" testId="e35b571d-987e-4550-8ce5-328acfdd0f66" testName="GetStockReturnTest" computerName="RUI-PC" duration="00:00:01.3670537" startTime="2012-03-26T16:02:24.8468791+08:00" endTime="2012-03-26T16:02:26.7251176+08:00" testType="13cdc9d9-ddb5-4fa4-a97d-d965ccfc6d4b" outcome="Failed" testListId="8c84fa94-04c1-424b-9868-57a2d4851a1d" relativeResultsDirectory="a280dd6e-afc3-4185-ad63-7a3db503b731">
      <Output>
        <ErrorInfo>
          <Message>Test method FinancialEngineering.Data.External.Test.WebStockReturnTest.GetStockReturnTest threw exception: 
System.Net.WebException: 远程服务器返回错误: (404) 未找到。</Message>
          <StackTrace>    在 System.Net.HttpWebRequest.GetResponse()
   在 FinancialEngineering.Common.Utils.HttpUtil.PerformHttpGetXmlObject[T](String url, Boolean requireHttp200) 位置 D:\Herui_hx\PROJECT\TradeShark\TradeShark\FinancialEngineering.Common\Utils\HttpUtil.cs:行号 59
   在 FinancialEngineering.Service.WebStockReturn.GetStockReturn(String secuCodeList, DateTime startDate, DateTime endDate) 位置 D:\Herui_hx\PROJECT\TradeShark\TradeShark\FinancialEngineering.Data.External\WebStockReturn.cs:行号 19
   在 FinancialEngineering.Data.External.Test.WebStockReturnTest.GetStockReturnTest() 位置 D:\Herui_hx\PROJECT\TradeShark\TradeShark\FinancialEngineering.Data.External.Test\WebStockReturnTest.cs:行号 77
</StackTrace>
        </ErrorInfo>
      </Output>
    </UnitTestResult>
    <UnitTestResult executionId="38f2a76f-c269-4c71-b385-2f2ad8156383" testId="b9732ad7-3d4b-88c2-1646-3162b1da1c0d" testName="GetStockPriceTest" computerName="RUI-PC" duration="00:00:30.8680363" startTime="2012-03-26T16:02:26.7286180+08:00" endTime="2012-03-26T16:02:57.6015384+08:00" testType="13cdc9d9-ddb5-4fa4-a97d-d965ccfc6d4b" outcome="Failed" testListId="8c84fa94-04c1-424b-9868-57a2d4851a1d" relativeResultsDirectory="38f2a76f-c269-4c71-b385-2f2ad8156383">
      <Output>
        <ErrorInfo>
          <Message>Test method FinancialEngineering.Data.External.Test.WebStockQuoteDataTest.GetStockPriceTest threw exception: 
System.Net.WebException: 远程服务器返回错误: (500) 内部服务器错误。</Message>
          <StackTrace>    在 System.Net.HttpWebRequest.GetResponse()
   在 FinancialEngineering.Common.Utils.HttpUtil.PerformHttpGetXmlObject[T](String url, Boolean requireHttp200) 位置 D:\Herui_hx\PROJECT\TradeShark\TradeShark\FinancialEngineering.Common\Utils\HttpUtil.cs:行号 59
   在 FinancialEngineering.Data.External.WebStockQuoteData.GetStockPrice(String secuCode, Int32 numRecord, DateTime endDate) 位置 D:\Herui_hx\PROJECT\TradeShark\TradeShark\FinancialEngineering.Data.External\WebStockQuoteData.cs:行号 25
   在 FinancialEngineering.Data.External.Test.WebStockQuoteDataTest.GetStockPriceTest() 位置 D:\Herui_hx\PROJECT\TradeShark\TradeShark\FinancialEngineering.Data.External.Test\WebStockQuoteDataTest.cs:行号 80
</StackTrace>
        </ErrorInfo>
      </Output>
    </UnitTestResult>
    <UnitTestResult executionId="297c2630-4fcb-43a6-88d4-81dc7a9ed015" testId="debd3cf6-d6bd-7928-54d3-42e9eba67e7b" testName="MyPortfoliosTest" computerName="RUI-PC" duration="00:00:02.7301054" startTime="2012-03-26T16:02:57.6105395+08:00" endTime="2012-03-26T16:03:00.8214472+08:00" testType="13cdc9d9-ddb5-4fa4-a97d-d965ccfc6d4b" outcome="Failed" testListId="8c84fa94-04c1-424b-9868-57a2d4851a1d" relativeResultsDirectory="297c2630-4fcb-43a6-88d4-81dc7a9ed015">
      <Output>
        <ErrorInfo>
          <Message>Assert.IsTrue failed. </Message>
          <StackTrace>   在 FinancialEngineering.BackTesting.Storage.Test.TradeSharkContextTest.MyPortfoliosTest() 位置 D:\Herui_hx\PROJECT\TradeShark\TradeShark\FinancialEngineering.BackTesting.Storage.Test\TradeSharkContextTest.cs:行号 78
</StackTrace>
        </ErrorInfo>
      </Output>
    </UnitTestResult>
    <UnitTestResult executionId="f11ce8d9-d0ea-4947-81a0-b982656dda52" testId="f8ad11f0-7a9f-38e1-3e32-1f76346f884a" testName="GetCandidateStocksForOpenTest" computerName="RUI-PC" duration="00:00:15.1029243" startTime="2012-03-26T16:03:00.8259478+08:00" endTime="2012-03-26T16:03:16.3884240+08:00" testType="13cdc9d9-ddb5-4fa4-a97d-d965ccfc6d4b" outcome="Failed" testListId="8c84fa94-04c1-424b-9868-57a2d4851a1d" relativeResultsDirectory="f11ce8d9-d0ea-4947-81a0-b982656dda52">
      <Output>
        <ErrorInfo>
          <Message>Test method FinancialEngineering.Strategy.Test.IBTMTest.GetCandidateStocksForOpenTest threw exception: 
System.Data.SqlClient.SqlException: 在与 SQL Server 建立连接时出现与网络相关的或特定于实例的错误。未找到或无法访问服务器。请验证实例名称是否正确并且 SQL Server 已配置为允许远程连接。 (provider: SQL Network Interfaces, error: 26 - 定位指定的服务器/实例时出错)</Message>
          <StackTrace>    在 System.Data.SqlClient.SqlInternalConnection.OnError(SqlException exception, Boolean breakConnection, Action`1 wrapCloseInAction)
   在 System.Data.SqlClient.TdsParser.ThrowExceptionAndWarning(TdsParserStateObject stateObj, Boolean callerHasConnectionLock, Boolean asyncClose)
   在 System.Data.SqlClient.TdsParser.Connect(ServerInfo serverInfo, SqlInternalConnectionTds connHandler, Boolean ignoreSniOpenTimeout, Int64 timerExpire, Boolean encrypt, Boolean trustServerCert, Boolean integratedSecurity, Boolean withFailover)
   在 System.Data.SqlClient.SqlInternalConnectionTds.AttemptOneLogin(ServerInfo serverInfo, String newPassword, SecureString newSecurePassword, Boolean ignoreSniOpenTimeout, TimeoutTimer timeout, SqlConnection owningObject, Boolean withFailover)
   在 System.Data.SqlClient.SqlInternalConnectionTds.LoginNoFailover(ServerInfo serverInfo, String newPassword, SecureString newSecurePassword, Boolean redirectedUserInstance, SqlConnection owningObject, SqlConnectionString connectionOptions, SqlCredential credential, TimeoutTimer timeout)
   在 System.Data.SqlClient.SqlInternalConnectionTds.OpenLoginEnlist(SqlConnection owningObject, TimeoutTimer timeout, SqlConnectionString connectionOptions, SqlCredential credential, String newPassword, SecureString newSecurePassword, Boolean redirectedUserInstance)
   在 System.Data.SqlClient.SqlInternalConnectionTds..ctor(DbConnectionPoolIdentity identity, SqlConnectionString connectionOptions, SqlCredential credential, Object providerInfo, String newPassword, SecureString newSecurePassword, SqlConnection owningObject, Boolean redirectedUserInstance)
   在 System.Data.SqlClient.SqlConnectionFactory.CreateConnection(DbConnectionOptions options, DbConnectionPoolKey poolKey, Object poolGroupProviderInfo, DbConnectionPool pool, DbConnection owningConnection)
   在 System.Data.ProviderBase.DbConnectionFactory.CreatePooledConnection(DbConnection owningConnection, DbConnectionPool pool, DbConnectionOptions options, DbConnectionPoolKey poolKey)
   在 System.Data.ProviderBase.DbConnectionPool.CreateObject(DbConnection owningObject)
   在 System.Data.ProviderBase.DbConnectionPool.UserCreateRequest(DbConnection owningObject)
   在 System.Data.ProviderBase.DbConnectionPool.TryGetConnection(DbConnection owningObject, UInt32 waitForMultipleObjectsTimeout, Boolean allowCreate, Boolean onlyOneCheckConnection, DbConnectionInternal&amp; connection)
   在 System.Data.ProviderBase.DbConnectionPool.TryGetConnection(DbConnection owningObject, TaskCompletionSource`1 retry, DbConnectionInternal&amp; connection)
   在 System.Data.ProviderBase.DbConnectionFactory.TryGetConnection(DbConnection owningConnection, TaskCompletionSource`1 retry, DbConnectionInternal&amp; connection)
   在 System.Data.ProviderBase.DbConnectionClosed.TryOpenConnection(DbConnection outerConnection, DbConnectionFactory connectionFactory, TaskCompletionSource`1 retry)
   在 System.Data.SqlClient.SqlConnection.TryOpen(TaskCompletionSource`1 retry)
   在 System.Data.SqlClient.SqlConnection.Open()
   在 System.Web.DataSets.DBStockQuoteData.GetStockPrice(String secuCode, Int32 numRecord, DateTime endDate) 位置 D:\Herui_hx\PROJECT\TradeShark\TradeShark\System.Web.DataSets\DBStockQuoteData.cs:行号 65
   在 FinancialEngineering.Strategy.IBTM.Initialize() 位置 D:\Herui_hx\PROJECT\TradeShark\TradeShark\FinancialEngineering.Strategies\IBTM.cs:行号 120
   在 FinancialEngineering.Strategy.IBTM..ctor(Int32 days, DateTime endDate, Double lamda, Double delta) 位置 D:\Herui_hx\PROJECT\TradeShark\TradeShark\FinancialEngineering.Strategies\IBTM.cs:行号 63
   在 FinancialEngineering.Strategy.Test.IBTMTest.GetCandidateStocksForOpenTest() 位置 D:\Herui_hx\PROJECT\TradeShark\TradeShark\FinancialEngineering.Strategy.Test\IBTMTest.cs:行号 74
</StackTrace>
        </ErrorInfo>
      </Output>
    </UnitTestResult>
    <UnitTestResult executionId="ee72d42e-8365-41a3-bfca-a1cb8d0c1134" testId="36a2874e-e84c-bbdd-e208-372449391247" testName="DNTest" computerName="RUI-PC" duration="00:00:00.0591572" startTime="2012-03-26T16:03:16.3904243+08:00" endTime="2012-03-26T16:03:16.9449947+08:00" testType="13cdc9d9-ddb5-4fa4-a97d-d965ccfc6d4b" outcome="Failed" testListId="8c84fa94-04c1-424b-9868-57a2d4851a1d" relativeResultsDirectory="ee72d42e-8365-41a3-bfca-a1cb8d0c1134">
      <Output>
        <ErrorInfo>
          <Message>Assert.AreEqual failed. Expected:&lt;17.52&gt;. Actual:&lt;18.4&gt;. </Message>
          <StackTrace>   在 FinancialEngineering.IndexCalculation.Test.BOLLTest.DNTest() 位置 D:\Herui_hx\PROJECT\TradeShark\TradeShark\FinancialEngineering.IndexCalculation.MA\BOLLTest.cs:行号 91
</StackTrace>
        </ErrorInfo>
      </Output>
    </UnitTestResult>
    <UnitTestResult executionId="286c3195-fae8-451f-b2a0-df6a268309e2" testId="5eeb0173-a0bf-1c42-2e10-a1736f184e0d" testName="MBTest" computerName="RUI-PC" duration="00:00:00.0008815" startTime="2012-03-26T16:03:16.9534958+08:00" endTime="2012-03-26T16:03:16.9584964+08:00" testType="13cdc9d9-ddb5-4fa4-a97d-d965ccfc6d4b" outcome="Inconclusive" testListId="8c84fa94-04c1-424b-9868-57a2d4851a1d" relativeResultsDirectory="286c3195-fae8-451f-b2a0-df6a268309e2">
      <Output>
        <ErrorInfo>
          <Message>Assert.Inconclusive failed. Verify the correctness of this test method.</Message>
          <StackTrace>   在 FinancialEngineering.IndexCalculation.Test.BOLLTest.MBTest() 位置 D:\Herui_hx\PROJECT\TradeShark\TradeShark\FinancialEngineering.IndexCalculation.MA\BOLLTest.cs:行号 103
</StackTrace>
        </ErrorInfo>
      </Output>
    </UnitTestResult>
    <UnitTestResult executionId="9fea50b0-3a3d-4348-bc61-ec4731c83e38" testId="7ff45125-82c1-fb4b-ef35-712a15d96d8e" testName="UPTest" computerName="RUI-PC" duration="00:00:00.0010551" startTime="2012-03-26T16:03:16.9599966+08:00" endTime="2012-03-26T16:03:16.9649972+08:00" testType="13cdc9d9-ddb5-4fa4-a97d-d965ccfc6d4b" outcome="Inconclusive" testListId="8c84fa94-04c1-424b-9868-57a2d4851a1d" relativeResultsDirectory="9fea50b0-3a3d-4348-bc61-ec4731c83e38">
      <Output>
        <ErrorInfo>
          <Message>Assert.Inconclusive failed. Verify the correctness of this test method.</Message>
          <StackTrace>   在 FinancialEngineering.IndexCalculation.Test.BOLLTest.UPTest() 位置 D:\Herui_hx\PROJECT\TradeShark\TradeShark\FinancialEngineering.IndexCalculation.MA\BOLLTest.cs:行号 115
</StackTrace>
        </ErrorInfo>
      </Output>
    </UnitTestResult>
    <UnitTestResult executionId="076a1e15-6116-41d6-893d-a44fa73ff410" testId="1f020578-d3a6-5dbb-3d09-80bfe74f035d" testName="ValueTest" computerName="RUI-PC" duration="00:00:00.0005685" startTime="2012-03-26T16:03:16.9669975+08:00" endTime="2012-03-26T16:03:16.9709980+08:00" testType="13cdc9d9-ddb5-4fa4-a97d-d965ccfc6d4b" outcome="Passed" testListId="8c84fa94-04c1-424b-9868-57a2d4851a1d" relativeResultsDirectory="076a1e15-6116-41d6-893d-a44fa73ff410">
    </UnitTestResult>
    <UnitTestResult executionId="8c6ab7ff-7ac6-4f4b-8b8b-beaf03dcef57" testId="0e3dd355-9b4b-3aeb-aea4-7f5403804246" testName="Compare_With_Trade_softWare" computerName="RUI-PC" duration="00:00:00.0005131" startTime="2012-03-26T16:03:16.9734983+08:00" endTime="2012-03-26T16:03:16.9789990+08:00" testType="13cdc9d9-ddb5-4fa4-a97d-d965ccfc6d4b" outcome="Passed" testListId="8c84fa94-04c1-424b-9868-57a2d4851a1d" relativeResultsDirectory="8c6ab7ff-7ac6-4f4b-8b8b-beaf03dcef57">
    </UnitTestResult>
    <UnitTestResult executionId="d83d3cdf-2d2e-42b6-a435-4b7ac2bceb6b" testId="a5b1f2c8-6c9b-452f-0917-d93aa8839b0f" testName="Verify_AddSample_Add_New_One" computerName="RUI-PC" duration="00:00:00.0003364" startTime="2012-03-26T16:03:16.9859999+08:00" endTime="2012-03-26T16:03:17.0140034+08:00" testType="13cdc9d9-ddb5-4fa4-a97d-d965ccfc6d4b" outcome="Passed" testListId="8c84fa94-04c1-424b-9868-57a2d4851a1d" relativeResultsDirectory="d83d3cdf-2d2e-42b6-a435-4b7ac2bceb6b">
    </UnitTestResult>
    <UnitTestResult executionId="72dc7688-78b0-403b-b167-d926fffd804e" testId="de2289a4-f03f-eb2c-614e-28d5296cfc59" testName="Verify_Error_Throw_When_Init_Count_Not_Equal_Sample_Count" computerName="RUI-PC" duration="00:00:00.0041752" startTime="2012-03-26T16:03:17.0165038+08:00" endTime="2012-03-26T16:03:17.0360062+08:00" testType="13cdc9d9-ddb5-4fa4-a97d-d965ccfc6d4b" outcome="Passed" testListId="8c84fa94-04c1-424b-9868-57a2d4851a1d" relativeResultsDirectory="72dc7688-78b0-403b-b167-d926fffd804e">
    </UnitTestResult>
    <UnitTestResult executionId="f580756a-32f9-467d-bd92-768fca98d526" testId="ad9a0326-6250-f6c7-764d-56154ed97c71" testName="ClearSamplesTest" computerName="RUI-PC" duration="00:00:00.0004758" startTime="2012-03-26T16:03:17.0390066+08:00" endTime="2012-03-26T16:03:17.0425071+08:00" testType="13cdc9d9-ddb5-4fa4-a97d-d965ccfc6d4b" outcome="Passed" testListId="8c84fa94-04c1-424b-9868-57a2d4851a1d" relativeResultsDirectory="f580756a-32f9-467d-bd92-768fca98d526">
    </UnitTestResult>
    <UnitTestResult executionId="23d1db0f-3997-4be9-85cf-b295184fdad2" testId="0cee9eb6-5056-d8c5-6803-719330142358" testName="CountTest" computerName="RUI-PC" duration="00:00:00.0002840" startTime="2012-03-26T16:03:17.0450074+08:00" endTime="2012-03-26T16:03:17.0545086+08:00" testType="13cdc9d9-ddb5-4fa4-a97d-d965ccfc6d4b" outcome="Passed" testListId="8c84fa94-04c1-424b-9868-57a2d4851a1d" relativeResultsDirectory="23d1db0f-3997-4be9-85cf-b295184fdad2">
    </UnitTestResult>
  </Results>
</TestRun>