<?xml version="1.0" encoding="UTF-8"?>
<TestRun id="732524f9-0e72-4058-a391-80e4bc9c15ec" name="Administrator@RUI-PC 2012-03-30 18:00:22" runUser="RUI-PC\Administrator" xmlns="http://microsoft.com/schemas/VisualStudio/TeamTest/2010">
  <TestSettings name="Local" id="9ff45c47-2aa0-4bca-9a75-f21b64c2f28c">
    <Description>These are default test settings for a local test run.</Description>
    <Deployment userDeploymentRoot="D:\Herui_hx\PROJECT\TradeShark\TradeShark\TestResults" useDefaultDeploymentRoot="false" runDeploymentRoot="Administrator_RUI-PC 2012-03-30 18_00_22">
      <DeploymentItem filename="D:\Herui_hx\PROJECT\TradeShark\TradeShark\FinancialEngineering.Test.Common\bin\Debug\FinancialEngineering.Test.Common.dll" />
      <DeploymentItem filename="FinancialEngineering.Data.DataBase\" />
      <DeploymentItem filename="D:\Herui_hx\PROJECT\TradeShark\TradeShark\FinancialEngineering.IndexCalulation\bin\Debug\FinancialEngineering.IndexCalculation.dll" />
    </Deployment>
    <Execution>
      <TestTypeSpecific>
        <UnitTestRunConfig testTypeId="13cdc9d9-ddb5-4fa4-a97d-d965ccfc6d4b">
          <AssemblyResolution>
            <TestDirectory useLoadContext="true" />
          </AssemblyResolution>
        </UnitTestRunConfig>
        <WebTestRunConfiguration testTypeId="4e7599fa-5ecb-43e9-a887-cd63cf72d207">
          <Browser name="Internet Explorer 7.0">
            <Headers>
              <Header name="User-Agent" value="Mozilla/4.0 (compatible; MSIE 7.0; Windows NT 5.1)" />
              <Header name="Accept" value="*/*" />
              <Header name="Accept-Language" value="{{$IEAcceptLanguage}}" />
              <Header name="Accept-Encoding" value="GZIP" />
            </Headers>
          </Browser>
        </WebTestRunConfiguration>
      </TestTypeSpecific>
      <AgentRule name="LocalMachineDefaultRole">
        <DataCollectors>
          <DataCollector uri="datacollector://microsoft/CodeCoverage/1.0" assemblyQualifiedName="Microsoft.VisualStudio.TestTools.CodeCoverage.CoveragePlugIn, Microsoft.VisualStudio.QualityTools.Plugins.CodeCoverage, Version=10.0.0.0, Culture=neutral, PublicKeyToken=b03f5f7f11d50a3a" friendlyName="Code Coverage" enabled="false">
            <Configuration>
              <CodeCoverage xmlns="">
                <Regular>
                  <CodeCoverageItem binaryFile="D:\Herui_hx\PROJECT\TradeShark\TradeShark\FinancialEngineering.Data.DataBase\bin\Debug\FinancialEngineering.Data.Database.dll" pdbFile="D:\Herui_hx\PROJECT\TradeShark\TradeShark\FinancialEngineering.Data.DataBase\bin\Debug\FinancialEngineering.Data.Database.instr.pdb" instrumentInPlace="true" />
                </Regular>
              </CodeCoverage>
            </Configuration>
          </DataCollector>
        </DataCollectors>
      </AgentRule>
    </Execution>
  </TestSettings>
  <Times creation="2012-03-30T18:00:22.3390571+08:00" queuing="2012-03-30T18:00:36.4358472+08:00" start="2012-03-30T18:00:36.5418607+08:00" finish="2012-03-30T18:00:37.5354868+08:00" />
  <ResultSummary outcome="Failed">
    <Counters total="1" executed="1" error="0" failed="1" timeout="0" aborted="0" inconclusive="0" passedButRunAborted="0" notRunnable="0" notExecuted="0" disconnected="0" warning="0" passed="0" completed="0" inProgress="0" pending="0" />
    <RunInfos>
      <RunInfo computerName="RUI-PC" outcome="Warning" timestamp="2012-03-30T18:00:36.4358472+08:00">
        <Text>Warning: Test Run deployment issue: The assembly or module 'FinancialEngineering.Model' directly or indirectly referenced by deployment item 'FinancialEngineering.Data.DataBase\' specified by the test settings was not found.</Text>
      </RunInfo>
    </RunInfos>
  </ResultSummary>
  <TestDefinitions>
    <UnitTest name="ValueTest_002094_20120329" storage="d:\herui_hx\project\tradeshark\tradeshark\financialengineering.indexcalculation.ma\bin\debug\financialengineering.indexcalculation.test.dll" id="dcd31566-6983-82bb-31f8-1b268bf64d3b">
      <Execution id="d8fc4cc7-be95-4e62-a471-c67cf289e1cc" />
      <TestMethod codeBase="D:/Herui_hx/PROJECT/TradeShark/TradeShark/FinancialEngineering.IndexCalculation.MA/bin/Debug/FinancialEngineering.IndexCalculation.Test.DLL" adapterTypeName="Microsoft.VisualStudio.TestTools.TestTypes.Unit.UnitTestAdapter, Microsoft.VisualStudio.QualityTools.Tips.UnitTest.Adapter, Version=10.0.0.0, Culture=neutral, PublicKeyToken=b03f5f7f11d50a3a" className="FinancialEngineering.IndexCalculation.Test.EMATest, FinancialEngineering.IndexCalculation.Test, Version=1.0.0.0, Culture=neutral, PublicKeyToken=null" name="ValueTest_002094_20120329" />
    </UnitTest>
  </TestDefinitions>
  <TestLists>
    <TestList name="Results Not in a List" id="8c84fa94-04c1-424b-9868-57a2d4851a1d" />
    <TestList name="All Loaded Results" id="19431567-8539-422a-85d7-44ee4e166bda" />
  </TestLists>
  <TestEntries>
    <TestEntry testId="dcd31566-6983-82bb-31f8-1b268bf64d3b" executionId="d8fc4cc7-be95-4e62-a471-c67cf289e1cc" testListId="8c84fa94-04c1-424b-9868-57a2d4851a1d" />
  </TestEntries>
  <Results>
    <UnitTestResult executionId="d8fc4cc7-be95-4e62-a471-c67cf289e1cc" testId="dcd31566-6983-82bb-31f8-1b268bf64d3b" testName="ValueTest_002094_20120329" computerName="RUI-PC" duration="00:00:00.2092578" startTime="2012-03-30T18:00:36.5878665+08:00" endTime="2012-03-30T18:00:37.5169845+08:00" testType="13cdc9d9-ddb5-4fa4-a97d-d965ccfc6d4b" outcome="Failed" testListId="8c84fa94-04c1-424b-9868-57a2d4851a1d" relativeResultsDirectory="d8fc4cc7-be95-4e62-a471-c67cf289e1cc">
      <Output>
        <ErrorInfo>
          <Message>Test method FinancialEngineering.IndexCalculation.Test.EMATest.ValueTest_002094_20120329 threw exception: 
System.NullReferenceException: 未将对象引用设置到对象的实例。</Message>
          <StackTrace>    在 FinancialEngineering.IndexCalculation.Test.EMATest.ValueTest_002094_20120329() 位置 D:\Herui_hx\PROJECT\TradeShark\TradeShark\FinancialEngineering.IndexCalculation.MA\EMATest.cs:行号 83
</StackTrace>
        </ErrorInfo>
      </Output>
    </UnitTestResult>
  </Results>
</TestRun>