<?xml version="1.0" encoding="UTF-8"?>
<TestRun id="fbfea2c7-b5bd-412d-9687-780888110134" name="Administrator@RUI-PC 2012-03-26 16:00:48" runUser="RUI-PC\Administrator" xmlns="http://microsoft.com/schemas/VisualStudio/TeamTest/2010">
  <TestSettings name="Local" id="9ff45c47-2aa0-4bca-9a75-f21b64c2f28c">
    <Description>These are default test settings for a local test run.</Description>
    <Deployment runDeploymentRoot="Administrator_RUI-PC 2012-03-26 16_00_48">
      <DeploymentItem filename="D:\Herui_hx\PROJECT\TradeShark\TradeShark\FinancialEngineering.Model\bin\Debug\FinancialEngineering.Model.dll" />
      <DeploymentItem filename="FinancialEngineering.Data.DataBase\" />
      <DeploymentItem filename="D:\Herui_hx\PROJECT\TradeShark\TradeShark\FinancialEngineering.Data.DataBase\bin\Debug\FinancialEngineering.Data.Database.dll" />
      <DeploymentItem filename="D:\Herui_hx\PROJECT\TradeShark\TradeShark\FinancialEngineering.Data.ServiceContract\bin\Debug\FinancialEngineering.Data.ServiceContract.dll" />
    </Deployment>
    <Execution>
      <TestTypeSpecific>
        <UnitTestRunConfig testTypeId="13cdc9d9-ddb5-4fa4-a97d-d965ccfc6d4b">
          <AssemblyResolution>
            <TestDirectory useLoadContext="true" />
          </AssemblyResolution>
        </UnitTestRunConfig>
        <WebTestRunConfiguration testTypeId="4e7599fa-5ecb-43e9-a887-cd63cf72d207">
          <Browser name="Internet Explorer 7.0">
            <Headers>
              <Header name="User-Agent" value="Mozilla/4.0 (compatible; MSIE 7.0; Windows NT 5.1)" />
              <Header name="Accept" value="*/*" />
              <Header name="Accept-Language" value="{{$IEAcceptLanguage}}" />
              <Header name="Accept-Encoding" value="GZIP" />
            </Headers>
          </Browser>
        </WebTestRunConfiguration>
      </TestTypeSpecific>
      <AgentRule name="LocalMachineDefaultRole">
        <DataCollectors>
          <DataCollector uri="datacollector://microsoft/CodeCoverage/1.0" assemblyQualifiedName="Microsoft.VisualStudio.TestTools.CodeCoverage.CoveragePlugIn, Microsoft.VisualStudio.QualityTools.Plugins.CodeCoverage, Version=10.0.0.0, Culture=neutral, PublicKeyToken=b03f5f7f11d50a3a" friendlyName="Code Coverage">
            <Configuration>
              <CodeCoverage xmlns="">
                <Regular>
                  <CodeCoverageItem binaryFile="D:\Herui_hx\PROJECT\TradeShark\TradeShark\FinancialEngineering.Data.DataBase\bin\Debug\FinancialEngineering.Data.Database.dll" pdbFile="D:\Herui_hx\PROJECT\TradeShark\TradeShark\FinancialEngineering.Data.DataBase\bin\Debug\FinancialEngineering.Data.Database.instr.pdb" instrumentInPlace="true" />
                </Regular>
              </CodeCoverage>
            </Configuration>
          </DataCollector>
        </DataCollectors>
      </AgentRule>
    </Execution>
  </TestSettings>
  <Times creation="2012-03-26T16:00:48.9211980+08:00" queuing="2012-03-26T16:01:16.8737476+08:00" start="2012-03-26T16:01:17.5083281+08:00" finish="2012-03-26T16:01:57.2778782+08:00" />
  <ResultSummary outcome="Warning">
    <Counters total="1" executed="1" passed="1" error="0" failed="0" timeout="0" aborted="0" inconclusive="0" passedButRunAborted="0" notRunnable="0" notExecuted="0" disconnected="0" warning="0" completed="0" inProgress="0" pending="0" />
    <RunInfos>
      <RunInfo computerName="RUI-PC" outcome="Warning" timestamp="2012-03-26T16:01:09.2332773+08:00">
        <Text>Warning: Test Run deployment issue: The assembly or module 'FinancialEngineering.Model' directly or indirectly referenced by deployment item 'FinancialEngineering.Data.DataBase\' specified by the test settings was not found.</Text>
      </RunInfo>
    </RunInfos>
    <ResultFiles>
      <ResultFile path="RUI-PC\data.coverage" />
    </ResultFiles>
  </ResultSummary>
  <TestDefinitions>
    <UnitTest name="Test_All_Result_Fetch_When_secuCode_Set_Null" storage="d:\herui_hx\project\tradeshark\tradeshark\financialengineering.data.database.test\bin\debug\financialengineering.data.database.test.dll" id="c46b42d4-0cf8-3d1a-78c6-f3571f159ed6">
      <Execution id="9a33edff-0f36-4f07-b8f8-34317c84e87f" />
      <TestMethod codeBase="D:/Herui_hx/PROJECT/TradeShark/TradeShark/FinancialEngineering.Data.Database.Test/bin/Debug/FinancialEngineering.Data.Database.Test.DLL" adapterTypeName="Microsoft.VisualStudio.TestTools.TestTypes.Unit.UnitTestAdapter, Microsoft.VisualStudio.QualityTools.Tips.UnitTest.Adapter, Version=10.0.0.0, Culture=neutral, PublicKeyToken=b03f5f7f11d50a3a" className="FinancialEngineering.Data.Database.Test.DBStockQuoteDataTest, FinancialEngineering.Data.Database.Test, Version=1.0.0.0, Culture=neutral, PublicKeyToken=null" name="Test_All_Result_Fetch_When_secuCode_Set_Null" />
    </UnitTest>
  </TestDefinitions>
  <TestLists>
    <TestList name="Results Not in a List" id="8c84fa94-04c1-424b-9868-57a2d4851a1d" />
    <TestList name="All Loaded Results" id="19431567-8539-422a-85d7-44ee4e166bda" />
  </TestLists>
  <TestEntries>
    <TestEntry testId="c46b42d4-0cf8-3d1a-78c6-f3571f159ed6" executionId="9a33edff-0f36-4f07-b8f8-34317c84e87f" testListId="8c84fa94-04c1-424b-9868-57a2d4851a1d" />
  </TestEntries>
  <Results>
    <UnitTestResult executionId="9a33edff-0f36-4f07-b8f8-34317c84e87f" testId="c46b42d4-0cf8-3d1a-78c6-f3571f159ed6" testName="Test_All_Result_Fetch_When_secuCode_Set_Null" computerName="RUI-PC" duration="00:00:26.4749575" startTime="2012-03-26T16:01:26.8470140+08:00" endTime="2012-03-26T16:01:54.3240031+08:00" testType="13cdc9d9-ddb5-4fa4-a97d-d965ccfc6d4b" outcome="Passed" testListId="8c84fa94-04c1-424b-9868-57a2d4851a1d" relativeResultsDirectory="9a33edff-0f36-4f07-b8f8-34317c84e87f">
    </UnitTestResult>
  </Results>
</TestRun>