<?xml version="1.0" encoding="UTF-8"?>
<TestRun id="bf55b6af-42cc-4e46-93c8-c2fd919e51b3" name="Administrator@RUI-PC 2012-03-30 13:36:19" runUser="RUI-PC\Administrator" xmlns="http://microsoft.com/schemas/VisualStudio/TeamTest/2010">
  <TestSettings name="Local" id="9ff45c47-2aa0-4bca-9a75-f21b64c2f28c">
    <Description>These are default test settings for a local test run.</Description>
    <Deployment userDeploymentRoot="D:\Herui_hx\PROJECT\TradeShark\TradeShark\TestResults" useDefaultDeploymentRoot="false" runDeploymentRoot="Administrator_RUI-PC 2012-03-30 13_36_19">
      <DeploymentItem filename="D:\Herui_hx\PROJECT\TradeShark\TradeShark\FinancialEngineering.Test.Common\bin\Debug\FinancialEngineering.Test.Common.dll" />
      <DeploymentItem filename="FinancialEngineering.Data.DataBase\" />
      <DeploymentItem filename="D:\Herui_hx\PROJECT\TradeShark\TradeShark\FinancialEngineering.IndexCalulation\bin\Debug\FinancialEngineering.IndexCalculation.dll" />
    </Deployment>
    <Execution>
      <TestTypeSpecific>
        <UnitTestRunConfig testTypeId="13cdc9d9-ddb5-4fa4-a97d-d965ccfc6d4b">
          <AssemblyResolution>
            <TestDirectory useLoadContext="true" />
          </AssemblyResolution>
        </UnitTestRunConfig>
        <WebTestRunConfiguration testTypeId="4e7599fa-5ecb-43e9-a887-cd63cf72d207">
          <Browser name="Internet Explorer 7.0">
            <Headers>
              <Header name="User-Agent" value="Mozilla/4.0 (compatible; MSIE 7.0; Windows NT 5.1)" />
              <Header name="Accept" value="*/*" />
              <Header name="Accept-Language" value="{{$IEAcceptLanguage}}" />
              <Header name="Accept-Encoding" value="GZIP" />
            </Headers>
          </Browser>
        </WebTestRunConfiguration>
      </TestTypeSpecific>
      <AgentRule name="LocalMachineDefaultRole">
      </AgentRule>
    </Execution>
  </TestSettings>
  <Times creation="2012-03-30T13:36:19.8973225+08:00" queuing="2012-03-30T13:36:26.0991101+08:00" start="2012-03-30T13:36:26.3276391+08:00" finish="2012-03-30T13:36:29.1334954+08:00" />
  <ResultSummary outcome="Failed">
    <Counters total="1" executed="1" error="0" failed="1" timeout="0" aborted="0" inconclusive="0" passedButRunAborted="0" notRunnable="0" notExecuted="0" disconnected="0" warning="0" passed="0" completed="0" inProgress="0" pending="0" />
    <RunInfos>
      <RunInfo computerName="RUI-PC" outcome="Warning" timestamp="2012-03-30T13:36:26.0976099+08:00">
        <Text>Warning: Test Run deployment issue: The assembly or module 'FinancialEngineering.Model' directly or indirectly referenced by deployment item 'FinancialEngineering.Data.DataBase\' specified by the test settings was not found.</Text>
      </RunInfo>
    </RunInfos>
  </ResultSummary>
  <TestDefinitions>
    <UnitTest name="ValueTest_002094_20120329" storage="d:\herui_hx\project\tradeshark\tradeshark\financialengineering.indexcalculation.ma\bin\debug\financialengineering.indexcalculation.test.dll" id="dcd31566-6983-82bb-31f8-1b268bf64d3b">
      <Execution id="a12d8f0c-7b70-4f01-a5ab-780023c4eaf7" />
      <TestMethod codeBase="D:/Herui_hx/PROJECT/TradeShark/TradeShark/FinancialEngineering.IndexCalculation.MA/bin/Debug/FinancialEngineering.IndexCalculation.Test.DLL" adapterTypeName="Microsoft.VisualStudio.TestTools.TestTypes.Unit.UnitTestAdapter, Microsoft.VisualStudio.QualityTools.Tips.UnitTest.Adapter, Version=10.0.0.0, Culture=neutral, PublicKeyToken=b03f5f7f11d50a3a" className="FinancialEngineering.IndexCalculation.Test.EMATest, FinancialEngineering.IndexCalculation.Test, Version=1.0.0.0, Culture=neutral, PublicKeyToken=null" name="ValueTest_002094_20120329" />
    </UnitTest>
  </TestDefinitions>
  <TestLists>
    <TestList name="Results Not in a List" id="8c84fa94-04c1-424b-9868-57a2d4851a1d" />
    <TestList name="All Loaded Results" id="19431567-8539-422a-85d7-44ee4e166bda" />
  </TestLists>
  <TestEntries>
    <TestEntry testId="dcd31566-6983-82bb-31f8-1b268bf64d3b" executionId="a12d8f0c-7b70-4f01-a5ab-780023c4eaf7" testListId="8c84fa94-04c1-424b-9868-57a2d4851a1d" />
  </TestEntries>
  <Results>
    <UnitTestResult executionId="a12d8f0c-7b70-4f01-a5ab-780023c4eaf7" testId="dcd31566-6983-82bb-31f8-1b268bf64d3b" testName="ValueTest_002094_20120329" computerName="RUI-PC" duration="00:00:00.0824903" startTime="2012-03-30T13:36:26.3751451+08:00" endTime="2012-03-30T13:36:27.5948000+08:00" testType="13cdc9d9-ddb5-4fa4-a97d-d965ccfc6d4b" outcome="Failed" testListId="8c84fa94-04c1-424b-9868-57a2d4851a1d" relativeResultsDirectory="a12d8f0c-7b70-4f01-a5ab-780023c4eaf7">
      <Output>
        <ErrorInfo>
          <Message>Assert.AreEqual failed. Expected:&lt;10.23&gt;. Actual:&lt;10.21&gt;. </Message>
          <StackTrace>   在 FinancialEngineering.IndexCalculation.Test.EMATest.ValueTest_002094_20120329() 位置 D:\Herui_hx\PROJECT\TradeShark\TradeShark\FinancialEngineering.IndexCalculation.MA\EMATest.cs:行号 77
</StackTrace>
        </ErrorInfo>
      </Output>
    </UnitTestResult>
  </Results>
</TestRun>